<?xml version="1.0" encoding="UTF-8"?>
<!-- Generated by org.testng.reporters.JUnitReportReporter -->
<testsuite skipped="0" hostname="INAMDLBI0096" name="com.aautomation.testcases.DashboardQuick" tests="1" failures="0" timestamp="01 Jun 2021 11:28:48 GMT" time="47.662" errors="0">
  <testcase name="quickIndividual" time="47.662" classname="com.aautomation.testcases.DashboardQuick"/>
</testsuite> <!-- com.aautomation.testcases.DashboardQuick -->
