<?xml version="1.0" encoding="UTF-8"?>
<!-- Generated by org.testng.reporters.JUnitReportReporter -->
<testsuite skipped="5" hostname="INAMDLBI0096" name="com.aautomation.testcases.DashboardQuick" tests="6" failures="0" timestamp="27 Jun 2021 04:24:52 GMT" time="6.275" errors="0">
  <testcase name="AddGiftforAppealFund" time="6.275" classname="com.aautomation.testcases.DashboardQuick"/>
  <testcase name="quickIndividual" classname="com.aautomation.testcases.DashboardQuick">
    <skipped/>
  </testcase> <!-- quickIndividual -->
  <testcase name="AddFund" classname="com.aautomation.testcases.DashboardQuick">
    <skipped/>
  </testcase> <!-- AddFund -->
  <testcase name="deleteIndividual" classname="com.aautomation.testcases.DashboardQuick">
    <skipped/>
  </testcase> <!-- deleteIndividual -->
  <testcase name="quickOrganization" classname="com.aautomation.testcases.DashboardQuick">
    <skipped/>
  </testcase> <!-- quickOrganization -->
  <testcase name="AddInKindFund" classname="com.aautomation.testcases.DashboardQuick">
    <skipped/>
  </testcase> <!-- AddInKindFund -->
</testsuite> <!-- com.aautomation.testcases.DashboardQuick -->
