<?xml version="1.0" encoding="UTF-8"?>
<!-- Generated by org.testng.reporters.JUnitReportReporter -->
<testsuite skipped="0" hostname="INAMDLBI0096" name="com.aautomation.testcases.MainmenuScenarios2" tests="2" failures="0" timestamp="21 Jun 2021 13:01:17 GMT" time="39.795" errors="0">
  <testcase name="addIndividualFromMainmenu" time="19.362" classname="com.aautomation.testcases.MainmenuScenarios2"/>
  <testcase name="addIndividualFromMainmenu" time="20.433" classname="com.aautomation.testcases.MainmenuScenarios2"/>
</testsuite> <!-- com.aautomation.testcases.MainmenuScenarios2 -->
