<?xml version="1.0" encoding="UTF-8"?>
<!-- Generated by org.testng.reporters.JUnitReportReporter -->
<testsuite skipped="0" hostname="INAMDLBI0096" name="com.aautomation.testcases.MainmenuScenarios" tests="1" failures="0" timestamp="21 Jun 2021 13:05:58 GMT" time="19.537" errors="0">
  <testcase name="addIndividualFromMainmenu" time="19.537" classname="com.aautomation.testcases.MainmenuScenarios"/>
</testsuite> <!-- com.aautomation.testcases.MainmenuScenarios -->
